2015-05-21 21:00:18,604 - SimpleLog4JLogSystem initialized using logfile 'velocity.log'
2015-05-21 21:00:18,605 - ************************************************************** 
2015-05-21 21:00:18,605 - Starting Jakarta Velocity v1.4
2015-05-21 21:00:18,605 - RuntimeInstance initializing.
2015-05-21 21:00:18,605 - Default Properties File: org\apache\velocity\runtime\defaults\velocity.properties
2015-05-21 21:00:18,605 - Trying to use logger class org.apache.velocity.runtime.log.SimpleLog4JLogSystem
2015-05-21 21:00:18,605 - Using logger class org.apache.velocity.runtime.log.SimpleLog4JLogSystem
2015-05-21 21:00:18,614 - Default ResourceManager initializing. (class org.apache.velocity.runtime.resource.ResourceManagerImpl)
2015-05-21 21:00:18,621 - Resource Loader Instantiated: org.apache.velocity.runtime.resource.loader.ClasspathResourceLoader
2015-05-21 21:00:18,622 - ClasspathResourceLoader : initialization starting.
2015-05-21 21:00:18,622 - ClasspathResourceLoader : initialization complete.
2015-05-21 21:00:18,628 - ResourceCache : initialized. (class org.apache.velocity.runtime.resource.ResourceCacheImpl)
2015-05-21 21:00:18,629 - Default ResourceManager initialization complete.
2015-05-21 21:00:18,647 - Loaded System Directive: org.apache.velocity.runtime.directive.Literal
2015-05-21 21:00:18,656 - Loaded System Directive: org.apache.velocity.runtime.directive.Macro
2015-05-21 21:00:18,665 - Loaded System Directive: org.apache.velocity.runtime.directive.Parse
2015-05-21 21:00:18,670 - Loaded System Directive: org.apache.velocity.runtime.directive.Include
2015-05-21 21:00:18,673 - Loaded System Directive: org.apache.velocity.runtime.directive.Foreach
2015-05-21 21:00:18,725 - Created: 20 parsers.
2015-05-21 21:00:18,743 - Velocimacro : initialization starting.
2015-05-21 21:00:18,743 - Velocimacro : adding VMs from VM library template : VM_global_library.vm
2015-05-21 21:00:18,764 - ResourceManager : unable to find resource 'VM_global_library.vm' in any resource loader.
2015-05-21 21:00:18,765 - Velocimacro : error using  VM library template VM_global_library.vm : org.apache.velocity.exception.ResourceNotFoundException: Unable to find resource 'VM_global_library.vm'
2015-05-21 21:00:18,765 - Velocimacro :  VM library template macro registration complete.
2015-05-21 21:00:18,765 - Velocimacro : allowInline = true : VMs can be defined inline in templates
2015-05-21 21:00:18,765 - Velocimacro : allowInlineToOverride = false : VMs defined inline may NOT replace previous VM definitions
2015-05-21 21:00:18,765 - Velocimacro : allowInlineLocal = false : VMs defined inline will be  global in scope if allowed.
2015-05-21 21:00:18,765 - Velocimacro : messages on  : VM system will output logging messages
2015-05-21 21:00:18,765 - Velocimacro : autoload off  : VM system will not automatically reload global library macros
2015-05-21 21:00:18,765 - Velocimacro : initialization complete.
2015-05-21 21:00:18,765 - Velocity successfully started.
